;  ASM code generated by mikroVirtualMachine for PIC - V. 8.2.0.0
;  Date/Time: 6/25/2010 12:49:21 AM
;  Info: http://www.mikroe.com


; ADDRESS	OPCODE	ASM
; ----------------------------------------------
$0000	$2804			GOTO	_main
$007B	$	_uzlaikymas_1sec:
;TEMP_VALDYMAS.c,87 :: 		void uzlaikymas_1sec(){
;TEMP_VALDYMAS.c,88 :: 		Delay_ms(1000);}
$007B	$3006			MOVLW	6
$007C	$1303			BCF	STATUS, RP1
$007D	$1283			BCF	STATUS, RP0
$007E	$00CC			MOVWF	STACK_12
$007F	$30FF			MOVLW	255
$0080	$00CB			MOVWF	STACK_11
$0081	$30FF			MOVLW	255
$0082	$00CA			MOVWF	STACK_10
$0083	$0BCC			DECFSZ	STACK_12, F
$0084	$2886			GOTO	$+2
$0085	$288D			GOTO	$+8
$0086	$0BCB			DECFSZ	STACK_11, F
$0087	$2889			GOTO	$+2
$0088	$288C			GOTO	$+4
$0089	$0BCA			DECFSZ	STACK_10, F
$008A	$2889			GOTO	$-1
$008B	$2886			GOTO	$-5
$008C	$2883			GOTO	$-9
$008D	$301A			MOVLW	26
$008E	$00CB			MOVWF	STACK_11
$008F	$30FF			MOVLW	255
$0090	$00CA			MOVWF	STACK_10
$0091	$0BCB			DECFSZ	STACK_11, F
$0092	$2894			GOTO	$+2
$0093	$2897			GOTO	$+4
$0094	$0BCA			DECFSZ	STACK_10, F
$0095	$2894			GOTO	$-1
$0096	$2891			GOTO	$-5
$0097	$3042			MOVLW	66
$0098	$00CA			MOVWF	STACK_10
$0099	$0BCA			DECFSZ	STACK_10, F
$009A	$2899			GOTO	$-1
$009B	$0008			RETURN
$0047	$	_OUTPUTAI:
;TEMP_VALDYMAS.c,80 :: 		void OUTPUTAI(){
;TEMP_VALDYMAS.c,81 :: 		PORTB.F1 = OUTPUTAS.F0;
$0047	$3001			MOVLW	1
$0048	$1303			BCF	STATUS, RP1
$0049	$1283			BCF	STATUS, RP0
$004A	$050C			ANDWF	_OUTPUTAS, 0
$004B	$00C0			MOVWF	STACK_0
$004C	$3000			MOVLW	0
$004D	$1840			BTFSC	STACK_0, 0
$004E	$3002			MOVLW	2
$004F	$0606			XORWF	PORTB, 0
$0050	$3902			ANDLW	2
$0051	$0686			XORWF	PORTB, 1
;TEMP_VALDYMAS.c,82 :: 		PORTB.F4 = OUTPUTAS.F1;
$0052	$3000			MOVLW	0
$0053	$188C			BTFSC	_OUTPUTAS, 1
$0054	$3001			MOVLW	1
$0055	$00C1			MOVWF	STACK_1
$0056	$3000			MOVLW	0
$0057	$1841			BTFSC	STACK_1, 0
$0058	$3010			MOVLW	16
$0059	$0606			XORWF	PORTB, 0
$005A	$3910			ANDLW	16
$005B	$0686			XORWF	PORTB, 1
;TEMP_VALDYMAS.c,83 :: 		PORTB.F2 = OUTPUTAS.F2;
$005C	$3000			MOVLW	0
$005D	$190C			BTFSC	_OUTPUTAS, 2
$005E	$3001			MOVLW	1
$005F	$00C1			MOVWF	STACK_1
$0060	$3000			MOVLW	0
$0061	$1841			BTFSC	STACK_1, 0
$0062	$3004			MOVLW	4
$0063	$0606			XORWF	PORTB, 0
$0064	$3904			ANDLW	4
$0065	$0686			XORWF	PORTB, 1
;TEMP_VALDYMAS.c,84 :: 		PORTB.F5 = OUTPUTAS.F3;
$0066	$3000			MOVLW	0
$0067	$198C			BTFSC	_OUTPUTAS, 3
$0068	$3001			MOVLW	1
$0069	$00C1			MOVWF	STACK_1
$006A	$3000			MOVLW	0
$006B	$1841			BTFSC	STACK_1, 0
$006C	$3020			MOVLW	32
$006D	$0606			XORWF	PORTB, 0
$006E	$3920			ANDLW	32
$006F	$0686			XORWF	PORTB, 1
;TEMP_VALDYMAS.c,85 :: 		PORTB.F6 = OUTPUTAS.F4;}
$0070	$3000			MOVLW	0
$0071	$1A0C			BTFSC	_OUTPUTAS, 4
$0072	$3001			MOVLW	1
$0073	$00C1			MOVWF	STACK_1
$0074	$3000			MOVLW	0
$0075	$1841			BTFSC	STACK_1, 0
$0076	$3040			MOVLW	64
$0077	$0606			XORWF	PORTB, 0
$0078	$3940			ANDLW	64
$0079	$0686			XORWF	PORTB, 1
$007A	$0008			RETURN
$00AF	$	_resetas_1sec:
;TEMP_VALDYMAS.c,90 :: 		void resetas_1sec(){
;TEMP_VALDYMAS.c,91 :: 		PORTB.F7 = 1;
$00AF	$1303			BCF	STATUS, RP1
$00B0	$1283			BCF	STATUS, RP0
$00B1	$1786			BSF	PORTB, 7
;TEMP_VALDYMAS.c,92 :: 		uzlaikymas_1sec();
$00B2	$207B			CALL	_uzlaikymas_1sec
;TEMP_VALDYMAS.c,93 :: 		PORTB.F7 = 0;}
$00B3	$1386			BCF	PORTB, 7
$00B4	$0008			RETURN
$009C	$	_INPUTAS:
;TEMP_VALDYMAS.c,76 :: 		void INPUTAS(){
;TEMP_VALDYMAS.c,77 :: 		while(PORTA.F1==1){}
$009C	$	L_INPUTAS_2:
$009C	$3000			MOVLW	0
$009D	$1303			BCF	STATUS, RP1
$009E	$1283			BCF	STATUS, RP0
$009F	$1885			BTFSC	PORTA, 1
$00A0	$3001			MOVLW	1
$00A1	$00C1			MOVWF	STACK_1
$00A2	$0841			MOVF	STACK_1, 0
$00A3	$3A01			XORLW	1
$00A4	$1903			BTFSC	STATUS, Z
$00A5	$289C			GOTO	L_INPUTAS_2
$00A6	$	L_INPUTAS_3:
;TEMP_VALDYMAS.c,78 :: 		while(PORTA.F1==0){}}
$00A6	$	L_INPUTAS_4:
$00A6	$3000			MOVLW	0
$00A7	$1885			BTFSC	PORTA, 1
$00A8	$3001			MOVLW	1
$00A9	$00C1			MOVWF	STACK_1
$00AA	$0841			MOVF	STACK_1, 0
$00AB	$3A00			XORLW	0
$00AC	$1903			BTFSC	STATUS, Z
$00AD	$28A6			GOTO	L_INPUTAS_4
$00AE	$	L_INPUTAS_5:
$00AE	$0008			RETURN
$0004	$	_main:
;TEMP_VALDYMAS.c,8 :: 		void main() {{
;TEMP_VALDYMAS.c,9 :: 		TRISA = 0b10;
$0004	$3002			MOVLW	2
$0005	$1303			BCF	STATUS, RP1
$0006	$1683			BSF	STATUS, RP0
$0007	$0085			MOVWF	TRISA
;TEMP_VALDYMAS.c,10 :: 		TRISB = 0;}
$0008	$0186			CLRF	TRISB, 1
;TEMP_VALDYMAS.c,12 :: 		OUTPUTAS = 0b11000;
$0009	$3018			MOVLW	24
$000A	$008C			MOVWF	_OUTPUTAS
;TEMP_VALDYMAS.c,13 :: 		PORTA = 0;
$000B	$1283			BCF	STATUS, RP0
$000C	$0185			CLRF	PORTA, 1
;TEMP_VALDYMAS.c,14 :: 		PORTB = 0;
$000D	$0186			CLRF	PORTB, 1
;TEMP_VALDYMAS.c,16 :: 		while(1){                               // AMZINAS CIKLAS
$000E	$	L_main_0:
;TEMP_VALDYMAS.c,18 :: 		OUTPUTAS = 0b10001;                      // NR.1
$000E	$3011			MOVLW	17
$000F	$008C			MOVWF	_OUTPUTAS
;TEMP_VALDYMAS.c,19 :: 		OUTPUTAI();
$0010	$2047			CALL	_OUTPUTAI
;TEMP_VALDYMAS.c,20 :: 		resetas_1sec();
$0011	$20AF			CALL	_resetas_1sec
;TEMP_VALDYMAS.c,21 :: 		INPUTAS();
$0012	$209C			CALL	_INPUTAS
;TEMP_VALDYMAS.c,23 :: 		OUTPUTAS = 0b10011;                      // NR.2
$0013	$3013			MOVLW	19
$0014	$008C			MOVWF	_OUTPUTAS
;TEMP_VALDYMAS.c,24 :: 		OUTPUTAI();
$0015	$2047			CALL	_OUTPUTAI
;TEMP_VALDYMAS.c,25 :: 		uzlaikymas_1sec();
$0016	$207B			CALL	_uzlaikymas_1sec
;TEMP_VALDYMAS.c,26 :: 		INPUTAS();
$0017	$209C			CALL	_INPUTAS
;TEMP_VALDYMAS.c,28 :: 		OUTPUTAS = 0b10010;                      // NR.3
$0018	$3012			MOVLW	18
$0019	$008C			MOVWF	_OUTPUTAS
;TEMP_VALDYMAS.c,29 :: 		OUTPUTAI();
$001A	$2047			CALL	_OUTPUTAI
;TEMP_VALDYMAS.c,30 :: 		uzlaikymas_1sec();
$001B	$207B			CALL	_uzlaikymas_1sec
;TEMP_VALDYMAS.c,31 :: 		INPUTAS();
$001C	$209C			CALL	_INPUTAS
;TEMP_VALDYMAS.c,33 :: 		OUTPUTAS = 0b10100;                      // NR.4
$001D	$3014			MOVLW	20
$001E	$008C			MOVWF	_OUTPUTAS
;TEMP_VALDYMAS.c,34 :: 		OUTPUTAI();
$001F	$2047			CALL	_OUTPUTAI
;TEMP_VALDYMAS.c,35 :: 		uzlaikymas_1sec();
$0020	$207B			CALL	_uzlaikymas_1sec
;TEMP_VALDYMAS.c,36 :: 		INPUTAS();
$0021	$209C			CALL	_INPUTAS
;TEMP_VALDYMAS.c,38 :: 		OUTPUTAS = 0b10111;                      // NR.5
$0022	$3017			MOVLW	23
$0023	$008C			MOVWF	_OUTPUTAS
;TEMP_VALDYMAS.c,39 :: 		OUTPUTAI();
$0024	$2047			CALL	_OUTPUTAI
;TEMP_VALDYMAS.c,40 :: 		uzlaikymas_1sec();
$0025	$207B			CALL	_uzlaikymas_1sec
;TEMP_VALDYMAS.c,41 :: 		INPUTAS();
$0026	$209C			CALL	_INPUTAS
;TEMP_VALDYMAS.c,43 :: 		OUTPUTAS = 0b10101;                      // NR.6
$0027	$3015			MOVLW	21
$0028	$008C			MOVWF	_OUTPUTAS
;TEMP_VALDYMAS.c,44 :: 		OUTPUTAI();
$0029	$2047			CALL	_OUTPUTAI
;TEMP_VALDYMAS.c,45 :: 		uzlaikymas_1sec();
$002A	$207B			CALL	_uzlaikymas_1sec
;TEMP_VALDYMAS.c,46 :: 		INPUTAS();
$002B	$209C			CALL	_INPUTAS
;TEMP_VALDYMAS.c,48 :: 		OUTPUTAS = 0b10110;                      // NR.7
$002C	$3016			MOVLW	22
$002D	$008C			MOVWF	_OUTPUTAS
;TEMP_VALDYMAS.c,49 :: 		OUTPUTAI();
$002E	$2047			CALL	_OUTPUTAI
;TEMP_VALDYMAS.c,50 :: 		uzlaikymas_1sec();
$002F	$207B			CALL	_uzlaikymas_1sec
;TEMP_VALDYMAS.c,51 :: 		INPUTAS();
$0030	$209C			CALL	_INPUTAS
;TEMP_VALDYMAS.c,53 :: 		OUTPUTAS = 0b1100;                      // NR.8
$0031	$300C			MOVLW	12
$0032	$008C			MOVWF	_OUTPUTAS
;TEMP_VALDYMAS.c,54 :: 		OUTPUTAI();
$0033	$2047			CALL	_OUTPUTAI
;TEMP_VALDYMAS.c,55 :: 		uzlaikymas_1sec();
$0034	$207B			CALL	_uzlaikymas_1sec
;TEMP_VALDYMAS.c,56 :: 		INPUTAS();
$0035	$209C			CALL	_INPUTAS
;TEMP_VALDYMAS.c,58 :: 		OUTPUTAS = 0b1010;                      // NR.9
$0036	$300A			MOVLW	10
$0037	$008C			MOVWF	_OUTPUTAS
;TEMP_VALDYMAS.c,59 :: 		OUTPUTAI();
$0038	$2047			CALL	_OUTPUTAI
;TEMP_VALDYMAS.c,60 :: 		uzlaikymas_1sec();
$0039	$207B			CALL	_uzlaikymas_1sec
;TEMP_VALDYMAS.c,61 :: 		INPUTAS();
$003A	$209C			CALL	_INPUTAS
;TEMP_VALDYMAS.c,63 :: 		OUTPUTAS = 0b1101;                      // NR.10
$003B	$300D			MOVLW	13
$003C	$008C			MOVWF	_OUTPUTAS
;TEMP_VALDYMAS.c,64 :: 		OUTPUTAI();
$003D	$2047			CALL	_OUTPUTAI
;TEMP_VALDYMAS.c,65 :: 		uzlaikymas_1sec();
$003E	$207B			CALL	_uzlaikymas_1sec
;TEMP_VALDYMAS.c,66 :: 		INPUTAS();
$003F	$209C			CALL	_INPUTAS
;TEMP_VALDYMAS.c,68 :: 		OUTPUTAS = 0b1011;                      // NR.11
$0040	$300B			MOVLW	11
$0041	$008C			MOVWF	_OUTPUTAS
;TEMP_VALDYMAS.c,69 :: 		OUTPUTAI();
$0042	$2047			CALL	_OUTPUTAI
;TEMP_VALDYMAS.c,70 :: 		uzlaikymas_1sec();
$0043	$207B			CALL	_uzlaikymas_1sec
;TEMP_VALDYMAS.c,71 :: 		INPUTAS();
$0044	$209C			CALL	_INPUTAS
;TEMP_VALDYMAS.c,73 :: 		}}
$0045	$280E			GOTO	L_main_0
$0046	$2846			GOTO	$


//** Procedures locations **
//ADDRESS		PROCEDURE
//----------------------------------------------
$0004		main
$0047		OUTPUTAI
$007B		uzlaikymas_1sec
$009C		INPUTAS
$00AF		resetas_1sec


//** Labels locations **
//ADDRESS		LABEL
//----------------------------------------------
$0004		_main:
$000E		L_main_0:
$0047		_OUTPUTAI:
$007B		_uzlaikymas_1sec:
$009C		_INPUTAS:
$009C		L_INPUTAS_2:
$00A6		L_INPUTAS_3:
$00A6		L_INPUTAS_4:
$00AE		L_INPUTAS_5:
$00AF		_resetas_1sec:


//** Variables locations **
//ADDRESS		VARIABLE
//----------------------------------------------
$0000		INDF
$0002		PCL
$0003		STATUS
$0004		FSR
$0005		PORTA
$0006		PORTB
$000A		PCLATH
$000C		_OUTPUTAS
$0040		STACK_0
$0041		STACK_1
$0042		STACK_2
$0043		STACK_3
$0044		STACK_4
$0045		STACK_5
$0046		STACK_6
$0047		STACK_7
$0048		STACK_8
$0049		STACK_9
$004A		STACK_10
$004B		STACK_11
$004C		STACK_12
$004D		STACK_13
$004E		STACK_14
$004F		STACK_15
$0085		TRISA
$0086		TRISB


