;  LST file generated by mikroListExporter - v.2.0 
; Date/Time: 2013.09.23 01:30:02
;----------------------------------------------

;Address Opcode 	ASM
0x0000	0x2884      	GOTO       132
_____DoICP:
;__Lib_System.c,6 :: 		
;__Lib_System.c,9 :: 		
0x0003	0x1283      	BCF        STATUS, 5
0x0004	0x080D      	MOVF       ___DoICPAddr+1, 0
0x0005	0x008A      	MOVWF      PCLATH
;__Lib_System.c,10 :: 		
0x0006	0x080C      	MOVF       ___DoICPAddr, 0
0x0007	0x0082      	MOVWF      PCL
;__Lib_System.c,12 :: 		
L_end_____DoICP:
0x0008	0x0008      	RETURN
; end of _____DoICP
_SwithingProcedure:
;SOLAR_PANEL_CONTROLER.c,54 :: 		void SwithingProcedure(void){
;SOLAR_PANEL_CONTROLER.c,59 :: 		if(SwitchingOn==1){
0x0009	0x1283      	BCF        STATUS, 5
0x000A	0x1D05      	BTFSS      PORTA, 2
0x000B	0x285E      	GOTO       L_SwithingProcedure3
;SOLAR_PANEL_CONTROLER.c,60 :: 		if(SwitchingBypass==0){
0x000C	0x1985      	BTFSC      PORTA, 3
0x000D	0x285B      	GOTO       L_SwithingProcedure4
;SOLAR_PANEL_CONTROLER.c,61 :: 		if(SwitchingWorkScd<SwitchingWorkTime){
0x000E	0x3000      	MOVLW      0
0x000F	0x0218      	SUBWF      SwithingProcedure_SwitchingWorkScd_L0+1, 0
0x0010	0x1D03      	BTFSS      STATUS, 2
0x0011	0x2814      	GOTO       L__SwithingProcedure21
0x0012	0x303C      	MOVLW      60
0x0013	0x0217      	SUBWF      SwithingProcedure_SwitchingWorkScd_L0, 0
L__SwithingProcedure21:
0x0014	0x1803      	BTFSC      STATUS, 0
0x0015	0x2830      	GOTO       L_SwithingProcedure5
;SOLAR_PANEL_CONTROLER.c,62 :: 		SwitchingWorkMscnd++;
0x0016	0x0A95      	INCF       SwithingProcedure_SwitchingWorkMscnd_L0, 1
0x0017	0x1903      	BTFSC      STATUS, 2
0x0018	0x0A96      	INCF       SwithingProcedure_SwitchingWorkMscnd_L0+1, 1
;SOLAR_PANEL_CONTROLER.c,63 :: 		if(SwitchingWorkMscnd>1000){
0x0019	0x0816      	MOVF       SwithingProcedure_SwitchingWorkMscnd_L0+1, 0
0x001A	0x3C03      	SUBLW      3
0x001B	0x1D03      	BTFSS      STATUS, 2
0x001C	0x281F      	GOTO       L__SwithingProcedure22
0x001D	0x0815      	MOVF       SwithingProcedure_SwitchingWorkMscnd_L0, 0
0x001E	0x3CE8      	SUBLW      232
L__SwithingProcedure22:
0x001F	0x1803      	BTFSC      STATUS, 0
0x0020	0x2826      	GOTO       L_SwithingProcedure6
;SOLAR_PANEL_CONTROLER.c,64 :: 		SwitchingWorkMscnd = 0;
0x0021	0x0195      	CLRF       SwithingProcedure_SwitchingWorkMscnd_L0
0x0022	0x0196      	CLRF       SwithingProcedure_SwitchingWorkMscnd_L0+1
;SOLAR_PANEL_CONTROLER.c,65 :: 		SwitchingWorkScd++;
0x0023	0x0A97      	INCF       SwithingProcedure_SwitchingWorkScd_L0, 1
0x0024	0x1903      	BTFSC      STATUS, 2
0x0025	0x0A98      	INCF       SwithingProcedure_SwitchingWorkScd_L0+1, 1
;SOLAR_PANEL_CONTROLER.c,66 :: 		}
L_SwithingProcedure6:
;SOLAR_PANEL_CONTROLER.c,68 :: 		if(SwitchingWorkingRelay==0){
0x0026	0x0814      	MOVF       SwithingProcedure_SwitchingWorkingRelay_L0, 0
0x0027	0x3A00      	XORLW      0
0x0028	0x1D03      	BTFSS      STATUS, 2
0x0029	0x282D      	GOTO       L_SwithingProcedure7
;SOLAR_PANEL_CONTROLER.c,69 :: 		SwitchingRelay1 = 1;
0x002A	0x1586      	BSF        PORTB, 3
;SOLAR_PANEL_CONTROLER.c,70 :: 		SwitchingRelay2 = 0;
0x002B	0x1106      	BCF        PORTB, 2
;SOLAR_PANEL_CONTROLER.c,71 :: 		}
0x002C	0x282F      	GOTO       L_SwithingProcedure8
L_SwithingProcedure7:
;SOLAR_PANEL_CONTROLER.c,73 :: 		SwitchingRelay1 = 0;
0x002D	0x1186      	BCF        PORTB, 3
;SOLAR_PANEL_CONTROLER.c,74 :: 		SwitchingRelay2 = 1;
0x002E	0x1506      	BSF        PORTB, 2
;SOLAR_PANEL_CONTROLER.c,75 :: 		}
L_SwithingProcedure8:
;SOLAR_PANEL_CONTROLER.c,77 :: 		}
0x002F	0x285A      	GOTO       L_SwithingProcedure9
L_SwithingProcedure5:
;SOLAR_PANEL_CONTROLER.c,79 :: 		SwitchingRelay1 = 1;
0x0030	0x1586      	BSF        PORTB, 3
;SOLAR_PANEL_CONTROLER.c,80 :: 		SwitchingRelay2 = 1;
0x0031	0x1506      	BSF        PORTB, 2
;SOLAR_PANEL_CONTROLER.c,82 :: 		SwitchingExchangeMscnd++;
0x0032	0x0A8E      	INCF       SwithingProcedure_SwitchingExchangeMscnd_L0, 1
0x0033	0x1903      	BTFSC      STATUS, 2
0x0034	0x0A8F      	INCF       SwithingProcedure_SwitchingExchangeMscnd_L0+1, 1
;SOLAR_PANEL_CONTROLER.c,83 :: 		if(SwitchingExchangeMscnd>1000){
0x0035	0x080F      	MOVF       SwithingProcedure_SwitchingExchangeMscnd_L0+1, 0
0x0036	0x3C03      	SUBLW      3
0x0037	0x1D03      	BTFSS      STATUS, 2
0x0038	0x283B      	GOTO       L__SwithingProcedure23
0x0039	0x080E      	MOVF       SwithingProcedure_SwitchingExchangeMscnd_L0, 0
0x003A	0x3CE8      	SUBLW      232
L__SwithingProcedure23:
0x003B	0x1803      	BTFSC      STATUS, 0
0x003C	0x2842      	GOTO       L_SwithingProcedure10
;SOLAR_PANEL_CONTROLER.c,84 :: 		SwitchingExchangeMscnd = 0;
0x003D	0x018E      	CLRF       SwithingProcedure_SwitchingExchangeMscnd_L0
0x003E	0x018F      	CLRF       SwithingProcedure_SwitchingExchangeMscnd_L0+1
;SOLAR_PANEL_CONTROLER.c,85 :: 		SwitchingExchangeScd++;
0x003F	0x0A90      	INCF       SwithingProcedure_SwitchingExchangeScd_L0, 1
0x0040	0x1903      	BTFSC      STATUS, 2
0x0041	0x0A91      	INCF       SwithingProcedure_SwitchingExchangeScd_L0+1, 1
;SOLAR_PANEL_CONTROLER.c,86 :: 		}
L_SwithingProcedure10:
;SOLAR_PANEL_CONTROLER.c,88 :: 		if(SwitchingExchangeScd>=SwitchingExchangeTime){
0x0042	0x3000      	MOVLW      0
0x0043	0x0211      	SUBWF      SwithingProcedure_SwitchingExchangeScd_L0+1, 0
0x0044	0x1D03      	BTFSS      STATUS, 2
0x0045	0x2848      	GOTO       L__SwithingProcedure24
0x0046	0x303C      	MOVLW      60
0x0047	0x0210      	SUBWF      SwithingProcedure_SwitchingExchangeScd_L0, 0
L__SwithingProcedure24:
0x0048	0x1C03      	BTFSS      STATUS, 0
0x0049	0x285A      	GOTO       L_SwithingProcedure11
;SOLAR_PANEL_CONTROLER.c,89 :: 		SwitchingWorkMscnd = 0;
0x004A	0x0195      	CLRF       SwithingProcedure_SwitchingWorkMscnd_L0
0x004B	0x0196      	CLRF       SwithingProcedure_SwitchingWorkMscnd_L0+1
;SOLAR_PANEL_CONTROLER.c,90 :: 		SwitchingWorkScd = 0;
0x004C	0x0197      	CLRF       SwithingProcedure_SwitchingWorkScd_L0
0x004D	0x0198      	CLRF       SwithingProcedure_SwitchingWorkScd_L0+1
;SOLAR_PANEL_CONTROLER.c,92 :: 		SwitchingExchangeMscnd = 0;
0x004E	0x018E      	CLRF       SwithingProcedure_SwitchingExchangeMscnd_L0
0x004F	0x018F      	CLRF       SwithingProcedure_SwitchingExchangeMscnd_L0+1
;SOLAR_PANEL_CONTROLER.c,93 :: 		SwitchingExchangeScd = 0;
0x0050	0x0190      	CLRF       SwithingProcedure_SwitchingExchangeScd_L0
0x0051	0x0191      	CLRF       SwithingProcedure_SwitchingExchangeScd_L0+1
;SOLAR_PANEL_CONTROLER.c,94 :: 		if(SwitchingWorkingRelay==0){
0x0052	0x0814      	MOVF       SwithingProcedure_SwitchingWorkingRelay_L0, 0
0x0053	0x3A00      	XORLW      0
0x0054	0x1D03      	BTFSS      STATUS, 2
0x0055	0x2859      	GOTO       L_SwithingProcedure12
;SOLAR_PANEL_CONTROLER.c,95 :: 		SwitchingWorkingRelay = 1;
0x0056	0x3001      	MOVLW      1
0x0057	0x0094      	MOVWF      SwithingProcedure_SwitchingWorkingRelay_L0
;SOLAR_PANEL_CONTROLER.c,96 :: 		}
0x0058	0x285A      	GOTO       L_SwithingProcedure13
L_SwithingProcedure12:
;SOLAR_PANEL_CONTROLER.c,98 :: 		SwitchingWorkingRelay = 0;
0x0059	0x0194      	CLRF       SwithingProcedure_SwitchingWorkingRelay_L0
;SOLAR_PANEL_CONTROLER.c,99 :: 		}
L_SwithingProcedure13:
;SOLAR_PANEL_CONTROLER.c,100 :: 		}
L_SwithingProcedure11:
;SOLAR_PANEL_CONTROLER.c,101 :: 		}
L_SwithingProcedure9:
;SOLAR_PANEL_CONTROLER.c,102 :: 		}
0x005A	0x285D      	GOTO       L_SwithingProcedure14
L_SwithingProcedure4:
;SOLAR_PANEL_CONTROLER.c,104 :: 		SwitchingRelay1 = 1;
0x005B	0x1586      	BSF        PORTB, 3
;SOLAR_PANEL_CONTROLER.c,105 :: 		SwitchingRelay2 = 1;
0x005C	0x1506      	BSF        PORTB, 2
;SOLAR_PANEL_CONTROLER.c,106 :: 		}
L_SwithingProcedure14:
;SOLAR_PANEL_CONTROLER.c,107 :: 		}
0x005D	0x2860      	GOTO       L_SwithingProcedure15
L_SwithingProcedure3:
;SOLAR_PANEL_CONTROLER.c,109 :: 		SwitchingRelay1 = 0;
0x005E	0x1186      	BCF        PORTB, 3
;SOLAR_PANEL_CONTROLER.c,110 :: 		SwitchingRelay2 = 0;
0x005F	0x1106      	BCF        PORTB, 2
;SOLAR_PANEL_CONTROLER.c,111 :: 		}
L_SwithingProcedure15:
;SOLAR_PANEL_CONTROLER.c,112 :: 		}
L_end_SwithingProcedure:
0x0060	0x0008      	RETURN
; end of _SwithingProcedure
_TimeRelay:
;SOLAR_PANEL_CONTROLER.c,114 :: 		void TimeRelay(void){
;SOLAR_PANEL_CONTROLER.c,117 :: 		if(TimeRelayInput==1){
0x0061	0x1283      	BCF        STATUS, 5
0x0062	0x1C86      	BTFSS      PORTB, 1
0x0063	0x2868      	GOTO       L_TimeRelay16
;SOLAR_PANEL_CONTROLER.c,118 :: 		TimeRelayCounter = TimeRelayTime;
0x0064	0x3010      	MOVLW      16
0x0065	0x0092      	MOVWF      TimeRelay_TimeRelayCounter_L0
0x0066	0x3027      	MOVLW      39
0x0067	0x0093      	MOVWF      TimeRelay_TimeRelayCounter_L0+1
;SOLAR_PANEL_CONTROLER.c,119 :: 		}
L_TimeRelay16:
;SOLAR_PANEL_CONTROLER.c,121 :: 		if(TimeRelayCounter>0){
0x0068	0x0813      	MOVF       TimeRelay_TimeRelayCounter_L0+1, 0
0x0069	0x3C00      	SUBLW      0
0x006A	0x1D03      	BTFSS      STATUS, 2
0x006B	0x286E      	GOTO       L__TimeRelay26
0x006C	0x0812      	MOVF       TimeRelay_TimeRelayCounter_L0, 0
0x006D	0x3C00      	SUBLW      0
L__TimeRelay26:
0x006E	0x1803      	BTFSC      STATUS, 0
0x006F	0x2876      	GOTO       L_TimeRelay17
;SOLAR_PANEL_CONTROLER.c,122 :: 		TimeRelayCounter--;
0x0070	0x3001      	MOVLW      1
0x0071	0x0292      	SUBWF      TimeRelay_TimeRelayCounter_L0, 1
0x0072	0x1C03      	BTFSS      STATUS, 0
0x0073	0x0393      	DECF       TimeRelay_TimeRelayCounter_L0+1, 1
;SOLAR_PANEL_CONTROLER.c,123 :: 		TimeRelayOutput = 1;
0x0074	0x1706      	BSF        PORTB, 6
;SOLAR_PANEL_CONTROLER.c,124 :: 		}
0x0075	0x2877      	GOTO       L_TimeRelay18
L_TimeRelay17:
;SOLAR_PANEL_CONTROLER.c,126 :: 		TimeRelayOutput = 0;
0x0076	0x1306      	BCF        PORTB, 6
;SOLAR_PANEL_CONTROLER.c,127 :: 		}
L_TimeRelay18:
;SOLAR_PANEL_CONTROLER.c,128 :: 		}
L_end_TimeRelay:
0x0077	0x0008      	RETURN
; end of _TimeRelay
___CC2DW:
;__Lib_System.c,134 :: 		
;__Lib_System.c,137 :: 		
_CC2D_Loop1:
;__Lib_System.c,139 :: 		
0x0078	0x2003      	CALL       _____DoICP
0x0079	0x118A      	BCF        PCLATH, 3
0x007A	0x120A      	BCF        PCLATH, 4
;__Lib_System.c,141 :: 		
0x007B	0x0080      	MOVWF      INDF
;__Lib_System.c,142 :: 		
0x007C	0x0A84      	INCF       FSR, 1
;__Lib_System.c,143 :: 		
0x007D	0x0A8C      	INCF       ___DoICPAddr, 1
;__Lib_System.c,145 :: 		
0x007E	0x1903      	BTFSC      STATUS, 2
;__Lib_System.c,146 :: 		
0x007F	0x0A8D      	INCF       ___DoICPAddr+1, 1
;__Lib_System.c,147 :: 		
0x0080	0x03C0      	DECF       R0, 1
;__Lib_System.c,149 :: 		
0x0081	0x1D03      	BTFSS      STATUS, 2
;__Lib_System.c,150 :: 		
0x0082	0x2878      	GOTO       _CC2D_Loop1
;__Lib_System.c,152 :: 		
L_end___CC2DW:
0x0083	0x0008      	RETURN
; end of ___CC2DW
_main:
;SOLAR_PANEL_CONTROLER.c,40 :: 		void main() {
;SOLAR_PANEL_CONTROLER.c,41 :: 		TRISA = 0b00001111;
0x0084	0x300F      	MOVLW      15
0x0085	0x1683      	BSF        STATUS, 5
0x0086	0x0085      	MOVWF      TRISA
;SOLAR_PANEL_CONTROLER.c,42 :: 		TRISB = 0b00000010;
0x0087	0x3002      	MOVLW      2
0x0088	0x0086      	MOVWF      TRISB
;SOLAR_PANEL_CONTROLER.c,43 :: 		PORTA = 0;
0x0089	0x1283      	BCF        STATUS, 5
0x008A	0x0185      	CLRF       PORTA
;SOLAR_PANEL_CONTROLER.c,44 :: 		PORTB = 0;
0x008B	0x0186      	CLRF       PORTB
;SOLAR_PANEL_CONTROLER.c,46 :: 		while(1){
L_main0:
;SOLAR_PANEL_CONTROLER.c,47 :: 		SwithingProcedure();
0x008C	0x2009      	CALL       _SwithingProcedure
;SOLAR_PANEL_CONTROLER.c,48 :: 		TimeRelay();
0x008D	0x2061      	CALL       _TimeRelay
;SOLAR_PANEL_CONTROLER.c,49 :: 		Delay_us(940);
0x008E	0x3002      	MOVLW      2
0x008F	0x00CC      	MOVWF      R12
0x0090	0x3037      	MOVLW      55
0x0091	0x00CD      	MOVWF      R13
L_main2:
0x0092	0x0BCD      	DECFSZ     R13, 1
0x0093	0x2892      	GOTO       L_main2
0x0094	0x0BCC      	DECFSZ     R12, 1
0x0095	0x2892      	GOTO       L_main2
;SOLAR_PANEL_CONTROLER.c,50 :: 		}
0x0096	0x288C      	GOTO       L_main0
;SOLAR_PANEL_CONTROLER.c,51 :: 		}
L_end_main:
0x0097	0x2897      	GOTO       $+0
; end of _main
Symbol List:
//** Routines locations **
//ADDRESS    SIZE    PROCEDURE
//----------------------------------------------
0x0003       [6]    _____DoICP
0x0009      [88]    _SwithingProcedure
0x0061      [23]    _TimeRelay
0x0078      [12]    ___CC2DW
0x0084      [20]    _main
//** Variables locations ** 
//ADDRESS    SIZE    VARIABLE
//----------------------------------------------
0x0000       [1]    INDF
0x0002       [1]    PCL
0x0003       [1]    STATUS
0x0004       [1]    FSR
0x0005       [1]    PORTA
0x0006       [1]    PORTB
0x000A       [1]    PCLATH
0x000C       [2]    ___DoICPAddr
0x000E       [2]    SwithingProcedure_SwitchingExchangeMscnd_L0
0x0010       [2]    SwithingProcedure_SwitchingExchangeScd_L0
0x0012       [2]    TimeRelay_TimeRelayCounter_L0
0x0014       [1]    SwithingProcedure_SwitchingWorkingRelay_L0
0x0015       [2]    SwithingProcedure_SwitchingWorkMscnd_L0
0x0017       [2]    SwithingProcedure_SwitchingWorkScd_L0
0x0040       [1]    R0
0x0041       [1]    R1
0x0042       [1]    R2
0x0043       [1]    R3
0x0044       [1]    R4
0x0045       [1]    R5
0x0046       [1]    R6
0x0047       [1]    R7
0x0048       [1]    R8
0x0049       [1]    R9
0x004A       [1]    R10
0x004B       [1]    R11
0x004C       [1]    R12
0x004D       [1]    R13
0x004E       [1]    R14
0x004F       [1]    R15
0x0085       [1]    TRISA
0x0086       [1]    TRISB
//** Label List: ** 
//----------------------------------------------
  L_main0
  L_main1
  L_main2
  L_SwithingProcedure3
  L_SwithingProcedure4
  L_SwithingProcedure5
  L_SwithingProcedure6
  L_SwithingProcedure7
  L_SwithingProcedure8
  L_SwithingProcedure9
  L_SwithingProcedure10
  L_SwithingProcedure11
  L_SwithingProcedure12
  L_SwithingProcedure13
  L_SwithingProcedure14
  L_SwithingProcedure15
  L_TimeRelay16
  L_TimeRelay17
  L_TimeRelay18
  L_end_main
  _main
  L_end_SwithingProcedure
  _SwithingProcedure
  L__SwithingProcedure21
  L__SwithingProcedure22
  L__SwithingProcedure23
  L__SwithingProcedure24
  L_end_TimeRelay
  _TimeRelay
  L__TimeRelay26
  L_loopCA2AWs
  L_CA2AWend
  _CCA2AW_Loop1
  L_loopCS2Ss
  L_CS2Send
  _CCS2S_Loop1
  L_CCS2Send
  L_loopFZinSWs
  L_FZinSend
  _CC2D_Loop1
  L_end_____DoICP
  _____DoICP
  L_end_____DoIFC
  _____DoIFC
  L_end___CA2AW
  ___CA2AW
  L_end___CCA2AW
  ___CCA2AW
  L_end___CS2S
  ___CS2S
  L_end___CCS2S
  ___CCS2S
  L_end___FZinS
  ___FZinS
  L_end___CC2DW
  ___CC2DW
  L_end_Swap
  _Swap
