;  LST file generated by mikroListExporter - v.2.0 
; Date/Time: 2013.08.26 05:37:23
;----------------------------------------------

;Address Opcode 	ASM
0x0000	0x28EB      	GOTO       235
_____DoICP:
;__Lib_System.c,6 :: 		
;__Lib_System.c,9 :: 		
0x0003	0x1283      	BCF        STATUS, 5
0x0004	0x0811      	MOVF       ___DoICPAddr+1, 0
0x0005	0x008A      	MOVWF      PCLATH
;__Lib_System.c,10 :: 		
0x0006	0x0810      	MOVF       ___DoICPAddr, 0
0x0007	0x0082      	MOVWF      PCL
;__Lib_System.c,12 :: 		
L_end_____DoICP:
0x0008	0x0008      	RETURN
; end of _____DoICP
_TEMPERATURE_ROUTER_INIT:
;DIN PT100 Marsrutizatorius.c,55 :: 		void TEMPERATURE_ROUTER_INIT(){
;DIN PT100 Marsrutizatorius.c,56 :: 		BEAM_SELECTION = BEAM_SELECTION_INPUT;
0x0009	0x3000      	MOVLW      0
0x000A	0x1283      	BCF        STATUS, 5
0x000B	0x1986      	BTFSC      PORTB, 3
0x000C	0x3001      	MOVLW      1
0x000D	0x008C      	MOVWF      _BEAM_SELECTION
;DIN PT100 Marsrutizatorius.c,57 :: 		TEMPERATURE_TIMER = 0;
0x000E	0x018D      	CLRF       _TEMPERATURE_TIMER
0x000F	0x018E      	CLRF       _TEMPERATURE_TIMER+1
;DIN PT100 Marsrutizatorius.c,58 :: 		TEMPERATURE_POSITION = 0;
0x0010	0x018F      	CLRF       _TEMPERATURE_POSITION
;DIN PT100 Marsrutizatorius.c,59 :: 		}
L_end_TEMPERATURE_ROUTER_INIT:
0x0011	0x0008      	RETURN
; end of _TEMPERATURE_ROUTER_INIT
_TEMPERATURE_ROUTER:
;DIN PT100 Marsrutizatorius.c,61 :: 		void TEMPERATURE_ROUTER(){
;DIN PT100 Marsrutizatorius.c,63 :: 		if(TEMPERATURE_POSITION==0){        //OUTPUT 1
0x0012	0x1283      	BCF        STATUS, 5
0x0013	0x080F      	MOVF       _TEMPERATURE_POSITION, 0
0x0014	0x3A00      	XORLW      0
0x0015	0x1D03      	BTFSS      STATUS, 2
0x0016	0x281B      	GOTO       L_TEMPERATURE_ROUTER3
;DIN PT100 Marsrutizatorius.c,64 :: 		TEMPERATURE_CHOICE_A = 1;TEMPERATURE_CHOICE_B = 0;TEMPERATURE_CHOICE_C = 0;
0x0017	0x1486      	BSF        PORTB, 1
0x0018	0x1286      	BCF        PORTB, 5
0x0019	0x1306      	BCF        PORTB, 6
;DIN PT100 Marsrutizatorius.c,65 :: 		}
0x001A	0x2872      	GOTO       L_TEMPERATURE_ROUTER4
L_TEMPERATURE_ROUTER3:
;DIN PT100 Marsrutizatorius.c,66 :: 		else if(TEMPERATURE_POSITION==1){   //OUTPUT 5
0x001B	0x080F      	MOVF       _TEMPERATURE_POSITION, 0
0x001C	0x3A01      	XORLW      1
0x001D	0x1D03      	BTFSS      STATUS, 2
0x001E	0x2823      	GOTO       L_TEMPERATURE_ROUTER5
;DIN PT100 Marsrutizatorius.c,67 :: 		TEMPERATURE_CHOICE_A = 1;TEMPERATURE_CHOICE_B = 0;TEMPERATURE_CHOICE_C = 1;
0x001F	0x1486      	BSF        PORTB, 1
0x0020	0x1286      	BCF        PORTB, 5
0x0021	0x1706      	BSF        PORTB, 6
;DIN PT100 Marsrutizatorius.c,68 :: 		}
0x0022	0x2872      	GOTO       L_TEMPERATURE_ROUTER6
L_TEMPERATURE_ROUTER5:
;DIN PT100 Marsrutizatorius.c,69 :: 		else if(TEMPERATURE_POSITION==2){   //OUTPUT 4
0x0023	0x080F      	MOVF       _TEMPERATURE_POSITION, 0
0x0024	0x3A02      	XORLW      2
0x0025	0x1D03      	BTFSS      STATUS, 2
0x0026	0x282B      	GOTO       L_TEMPERATURE_ROUTER7
;DIN PT100 Marsrutizatorius.c,70 :: 		TEMPERATURE_CHOICE_A = 0;TEMPERATURE_CHOICE_B = 0;TEMPERATURE_CHOICE_C = 1;
0x0027	0x1086      	BCF        PORTB, 1
0x0028	0x1286      	BCF        PORTB, 5
0x0029	0x1706      	BSF        PORTB, 6
;DIN PT100 Marsrutizatorius.c,71 :: 		}
0x002A	0x2872      	GOTO       L_TEMPERATURE_ROUTER8
L_TEMPERATURE_ROUTER7:
;DIN PT100 Marsrutizatorius.c,72 :: 		else if(TEMPERATURE_POSITION==3){   //OUTPUT 6
0x002B	0x080F      	MOVF       _TEMPERATURE_POSITION, 0
0x002C	0x3A03      	XORLW      3
0x002D	0x1D03      	BTFSS      STATUS, 2
0x002E	0x2833      	GOTO       L_TEMPERATURE_ROUTER9
;DIN PT100 Marsrutizatorius.c,73 :: 		TEMPERATURE_CHOICE_A = 0;TEMPERATURE_CHOICE_B = 1;TEMPERATURE_CHOICE_C = 1;
0x002F	0x1086      	BCF        PORTB, 1
0x0030	0x1686      	BSF        PORTB, 5
0x0031	0x1706      	BSF        PORTB, 6
;DIN PT100 Marsrutizatorius.c,74 :: 		}
0x0032	0x2872      	GOTO       L_TEMPERATURE_ROUTER10
L_TEMPERATURE_ROUTER9:
;DIN PT100 Marsrutizatorius.c,75 :: 		else if(TEMPERATURE_POSITION==4){   //OUTPUT 3
0x0033	0x080F      	MOVF       _TEMPERATURE_POSITION, 0
0x0034	0x3A04      	XORLW      4
0x0035	0x1D03      	BTFSS      STATUS, 2
0x0036	0x283B      	GOTO       L_TEMPERATURE_ROUTER11
;DIN PT100 Marsrutizatorius.c,76 :: 		TEMPERATURE_CHOICE_A = 1;TEMPERATURE_CHOICE_B = 1;TEMPERATURE_CHOICE_C = 0;
0x0037	0x1486      	BSF        PORTB, 1
0x0038	0x1686      	BSF        PORTB, 5
0x0039	0x1306      	BCF        PORTB, 6
;DIN PT100 Marsrutizatorius.c,77 :: 		}
0x003A	0x2872      	GOTO       L_TEMPERATURE_ROUTER12
L_TEMPERATURE_ROUTER11:
;DIN PT100 Marsrutizatorius.c,78 :: 		else if(TEMPERATURE_POSITION==5){   //OUTPUT 2
0x003B	0x080F      	MOVF       _TEMPERATURE_POSITION, 0
0x003C	0x3A05      	XORLW      5
0x003D	0x1D03      	BTFSS      STATUS, 2
0x003E	0x2843      	GOTO       L_TEMPERATURE_ROUTER13
;DIN PT100 Marsrutizatorius.c,79 :: 		TEMPERATURE_CHOICE_A = 0;TEMPERATURE_CHOICE_B = 1;TEMPERATURE_CHOICE_C = 0;
0x003F	0x1086      	BCF        PORTB, 1
0x0040	0x1686      	BSF        PORTB, 5
0x0041	0x1306      	BCF        PORTB, 6
;DIN PT100 Marsrutizatorius.c,80 :: 		}
0x0042	0x2872      	GOTO       L_TEMPERATURE_ROUTER14
L_TEMPERATURE_ROUTER13:
;DIN PT100 Marsrutizatorius.c,81 :: 		else if(TEMPERATURE_POSITION==6){   //OUTPUT 1
0x0043	0x080F      	MOVF       _TEMPERATURE_POSITION, 0
0x0044	0x3A06      	XORLW      6
0x0045	0x1D03      	BTFSS      STATUS, 2
0x0046	0x284B      	GOTO       L_TEMPERATURE_ROUTER15
;DIN PT100 Marsrutizatorius.c,82 :: 		TEMPERATURE_CHOICE_A = 1;TEMPERATURE_CHOICE_B = 0;TEMPERATURE_CHOICE_C = 0;
0x0047	0x1486      	BSF        PORTB, 1
0x0048	0x1286      	BCF        PORTB, 5
0x0049	0x1306      	BCF        PORTB, 6
;DIN PT100 Marsrutizatorius.c,83 :: 		}
0x004A	0x2872      	GOTO       L_TEMPERATURE_ROUTER16
L_TEMPERATURE_ROUTER15:
;DIN PT100 Marsrutizatorius.c,84 :: 		else if(TEMPERATURE_POSITION==7){   //OUTPUT 5
0x004B	0x080F      	MOVF       _TEMPERATURE_POSITION, 0
0x004C	0x3A07      	XORLW      7
0x004D	0x1D03      	BTFSS      STATUS, 2
0x004E	0x2853      	GOTO       L_TEMPERATURE_ROUTER17
;DIN PT100 Marsrutizatorius.c,85 :: 		TEMPERATURE_CHOICE_A = 1;TEMPERATURE_CHOICE_B = 0;TEMPERATURE_CHOICE_C = 1;
0x004F	0x1486      	BSF        PORTB, 1
0x0050	0x1286      	BCF        PORTB, 5
0x0051	0x1706      	BSF        PORTB, 6
;DIN PT100 Marsrutizatorius.c,86 :: 		}
0x0052	0x2872      	GOTO       L_TEMPERATURE_ROUTER18
L_TEMPERATURE_ROUTER17:
;DIN PT100 Marsrutizatorius.c,87 :: 		else if(TEMPERATURE_POSITION==8){   //OUTPUT 4
0x0053	0x080F      	MOVF       _TEMPERATURE_POSITION, 0
0x0054	0x3A08      	XORLW      8
0x0055	0x1D03      	BTFSS      STATUS, 2
0x0056	0x285B      	GOTO       L_TEMPERATURE_ROUTER19
;DIN PT100 Marsrutizatorius.c,88 :: 		TEMPERATURE_CHOICE_A = 0;TEMPERATURE_CHOICE_B = 0;TEMPERATURE_CHOICE_C = 1;
0x0057	0x1086      	BCF        PORTB, 1
0x0058	0x1286      	BCF        PORTB, 5
0x0059	0x1706      	BSF        PORTB, 6
;DIN PT100 Marsrutizatorius.c,89 :: 		}
0x005A	0x2872      	GOTO       L_TEMPERATURE_ROUTER20
L_TEMPERATURE_ROUTER19:
;DIN PT100 Marsrutizatorius.c,90 :: 		else if(TEMPERATURE_POSITION==9){   //OUTPUT 6
0x005B	0x080F      	MOVF       _TEMPERATURE_POSITION, 0
0x005C	0x3A09      	XORLW      9
0x005D	0x1D03      	BTFSS      STATUS, 2
0x005E	0x2863      	GOTO       L_TEMPERATURE_ROUTER21
;DIN PT100 Marsrutizatorius.c,91 :: 		TEMPERATURE_CHOICE_A = 0;TEMPERATURE_CHOICE_B = 1;TEMPERATURE_CHOICE_C = 1;
0x005F	0x1086      	BCF        PORTB, 1
0x0060	0x1686      	BSF        PORTB, 5
0x0061	0x1706      	BSF        PORTB, 6
;DIN PT100 Marsrutizatorius.c,92 :: 		}
0x0062	0x2872      	GOTO       L_TEMPERATURE_ROUTER22
L_TEMPERATURE_ROUTER21:
;DIN PT100 Marsrutizatorius.c,93 :: 		else if(TEMPERATURE_POSITION==10){  //OUTPUT 3
0x0063	0x080F      	MOVF       _TEMPERATURE_POSITION, 0
0x0064	0x3A0A      	XORLW      10
0x0065	0x1D03      	BTFSS      STATUS, 2
0x0066	0x286B      	GOTO       L_TEMPERATURE_ROUTER23
;DIN PT100 Marsrutizatorius.c,94 :: 		TEMPERATURE_CHOICE_A = 1;TEMPERATURE_CHOICE_B = 1;TEMPERATURE_CHOICE_C = 0;
0x0067	0x1486      	BSF        PORTB, 1
0x0068	0x1686      	BSF        PORTB, 5
0x0069	0x1306      	BCF        PORTB, 6
;DIN PT100 Marsrutizatorius.c,95 :: 		}
0x006A	0x2872      	GOTO       L_TEMPERATURE_ROUTER24
L_TEMPERATURE_ROUTER23:
;DIN PT100 Marsrutizatorius.c,96 :: 		else if(TEMPERATURE_POSITION==11){  //OUTPUT 2
0x006B	0x080F      	MOVF       _TEMPERATURE_POSITION, 0
0x006C	0x3A0B      	XORLW      11
0x006D	0x1D03      	BTFSS      STATUS, 2
0x006E	0x2872      	GOTO       L_TEMPERATURE_ROUTER25
;DIN PT100 Marsrutizatorius.c,97 :: 		TEMPERATURE_CHOICE_A = 0;TEMPERATURE_CHOICE_B = 1;TEMPERATURE_CHOICE_C = 0;
0x006F	0x1086      	BCF        PORTB, 1
0x0070	0x1686      	BSF        PORTB, 5
0x0071	0x1306      	BCF        PORTB, 6
;DIN PT100 Marsrutizatorius.c,98 :: 		}
L_TEMPERATURE_ROUTER25:
L_TEMPERATURE_ROUTER24:
L_TEMPERATURE_ROUTER22:
L_TEMPERATURE_ROUTER20:
L_TEMPERATURE_ROUTER18:
L_TEMPERATURE_ROUTER16:
L_TEMPERATURE_ROUTER14:
L_TEMPERATURE_ROUTER12:
L_TEMPERATURE_ROUTER10:
L_TEMPERATURE_ROUTER8:
L_TEMPERATURE_ROUTER6:
L_TEMPERATURE_ROUTER4:
;DIN PT100 Marsrutizatorius.c,101 :: 		if(BEAM_SELECTION==0){
0x0072	0x080C      	MOVF       _BEAM_SELECTION, 0
0x0073	0x3A00      	XORLW      0
0x0074	0x1D03      	BTFSS      STATUS, 2
0x0075	0x2880      	GOTO       L_TEMPERATURE_ROUTER26
;DIN PT100 Marsrutizatorius.c,102 :: 		if(TEMPERATURE_POSITION<6){
0x0076	0x3006      	MOVLW      6
0x0077	0x020F      	SUBWF      _TEMPERATURE_POSITION, 0
0x0078	0x1803      	BTFSC      STATUS, 0
0x0079	0x287D      	GOTO       L_TEMPERATURE_ROUTER27
;DIN PT100 Marsrutizatorius.c,103 :: 		TEMPERATURE_CHOICE_D1 = 0;
0x007A	0x1106      	BCF        PORTB, 2
;DIN PT100 Marsrutizatorius.c,104 :: 		TEMPERATURE_CHOICE_D2 = 1;
0x007B	0x1606      	BSF        PORTB, 4
;DIN PT100 Marsrutizatorius.c,105 :: 		}
0x007C	0x287F      	GOTO       L_TEMPERATURE_ROUTER28
L_TEMPERATURE_ROUTER27:
;DIN PT100 Marsrutizatorius.c,107 :: 		TEMPERATURE_CHOICE_D1 = 1;
0x007D	0x1506      	BSF        PORTB, 2
;DIN PT100 Marsrutizatorius.c,108 :: 		TEMPERATURE_CHOICE_D2 = 0;
0x007E	0x1206      	BCF        PORTB, 4
;DIN PT100 Marsrutizatorius.c,109 :: 		}
L_TEMPERATURE_ROUTER28:
;DIN PT100 Marsrutizatorius.c,110 :: 		}
0x007F	0x2882      	GOTO       L_TEMPERATURE_ROUTER29
L_TEMPERATURE_ROUTER26:
;DIN PT100 Marsrutizatorius.c,112 :: 		TEMPERATURE_CHOICE_D1 = 0;
0x0080	0x1106      	BCF        PORTB, 2
;DIN PT100 Marsrutizatorius.c,113 :: 		TEMPERATURE_CHOICE_D2 = 0;
0x0081	0x1206      	BCF        PORTB, 4
;DIN PT100 Marsrutizatorius.c,114 :: 		}
L_TEMPERATURE_ROUTER29:
;DIN PT100 Marsrutizatorius.c,118 :: 		if(TEMPERATURE_TIMER==TEMPERATURE_MEM_START){
0x0082	0x080E      	MOVF       _TEMPERATURE_TIMER+1, 0
0x0083	0x3A10      	XORLW      16
0x0084	0x1D03      	BTFSS      STATUS, 2
0x0085	0x2888      	GOTO       L__TEMPERATURE_ROUTER46
0x0086	0x3068      	MOVLW      104
0x0087	0x060D      	XORWF      _TEMPERATURE_TIMER, 0
L__TEMPERATURE_ROUTER46:
0x0088	0x1D03      	BTFSS      STATUS, 2
0x0089	0x288B      	GOTO       L_TEMPERATURE_ROUTER30
;DIN PT100 Marsrutizatorius.c,119 :: 		OUTPUT_MEMORIZATION = 1;
0x008A	0x1485      	BSF        PORTA, 1
;DIN PT100 Marsrutizatorius.c,120 :: 		}
L_TEMPERATURE_ROUTER30:
;DIN PT100 Marsrutizatorius.c,121 :: 		if(TEMPERATURE_TIMER==TEMPERATURE_MEM_END){
0x008B	0x080E      	MOVF       _TEMPERATURE_TIMER+1, 0
0x008C	0x3A12      	XORLW      18
0x008D	0x1D03      	BTFSS      STATUS, 2
0x008E	0x2891      	GOTO       L__TEMPERATURE_ROUTER47
0x008F	0x30C0      	MOVLW      192
0x0090	0x060D      	XORWF      _TEMPERATURE_TIMER, 0
L__TEMPERATURE_ROUTER47:
0x0091	0x1D03      	BTFSS      STATUS, 2
0x0092	0x2894      	GOTO       L_TEMPERATURE_ROUTER31
;DIN PT100 Marsrutizatorius.c,122 :: 		OUTPUT_MEMORIZATION = 0;
0x0093	0x1085      	BCF        PORTA, 1
;DIN PT100 Marsrutizatorius.c,123 :: 		}
L_TEMPERATURE_ROUTER31:
;DIN PT100 Marsrutizatorius.c,126 :: 		if(TEMPERATURE_POSITION==0){
0x0094	0x080F      	MOVF       _TEMPERATURE_POSITION, 0
0x0095	0x3A00      	XORLW      0
0x0096	0x1D03      	BTFSS      STATUS, 2
0x0097	0x28AB      	GOTO       L_TEMPERATURE_ROUTER32
;DIN PT100 Marsrutizatorius.c,127 :: 		if(TEMPERATURE_TIMER==TEMPERATURE_RESET_START){
0x0098	0x3000      	MOVLW      0
0x0099	0x060E      	XORWF      _TEMPERATURE_TIMER+1, 0
0x009A	0x1D03      	BTFSS      STATUS, 2
0x009B	0x289E      	GOTO       L__TEMPERATURE_ROUTER48
0x009C	0x3000      	MOVLW      0
0x009D	0x060D      	XORWF      _TEMPERATURE_TIMER, 0
L__TEMPERATURE_ROUTER48:
0x009E	0x1D03      	BTFSS      STATUS, 2
0x009F	0x28A1      	GOTO       L_TEMPERATURE_ROUTER33
;DIN PT100 Marsrutizatorius.c,128 :: 		OUTPUT_RESET = 1;
0x00A0	0x1405      	BSF        PORTA, 0
;DIN PT100 Marsrutizatorius.c,129 :: 		}
L_TEMPERATURE_ROUTER33:
;DIN PT100 Marsrutizatorius.c,130 :: 		if(TEMPERATURE_TIMER==TEMPERATURE_RESET_END){
0x00A1	0x080E      	MOVF       _TEMPERATURE_TIMER+1, 0
0x00A2	0x3A02      	XORLW      2
0x00A3	0x1D03      	BTFSS      STATUS, 2
0x00A4	0x28A7      	GOTO       L__TEMPERATURE_ROUTER49
0x00A5	0x3058      	MOVLW      88
0x00A6	0x060D      	XORWF      _TEMPERATURE_TIMER, 0
L__TEMPERATURE_ROUTER49:
0x00A7	0x1D03      	BTFSS      STATUS, 2
0x00A8	0x28AA      	GOTO       L_TEMPERATURE_ROUTER34
;DIN PT100 Marsrutizatorius.c,131 :: 		OUTPUT_RESET = 0;
0x00A9	0x1005      	BCF        PORTA, 0
;DIN PT100 Marsrutizatorius.c,132 :: 		}
L_TEMPERATURE_ROUTER34:
;DIN PT100 Marsrutizatorius.c,133 :: 		}
0x00AA	0x28BD      	GOTO       L_TEMPERATURE_ROUTER35
L_TEMPERATURE_ROUTER32:
;DIN PT100 Marsrutizatorius.c,135 :: 		if(TEMPERATURE_TIMER==TEMPERATURE_CLOCK_START){
0x00AB	0x3000      	MOVLW      0
0x00AC	0x060E      	XORWF      _TEMPERATURE_TIMER+1, 0
0x00AD	0x1D03      	BTFSS      STATUS, 2
0x00AE	0x28B1      	GOTO       L__TEMPERATURE_ROUTER50
0x00AF	0x3000      	MOVLW      0
0x00B0	0x060D      	XORWF      _TEMPERATURE_TIMER, 0
L__TEMPERATURE_ROUTER50:
0x00B1	0x1D03      	BTFSS      STATUS, 2
0x00B2	0x28B4      	GOTO       L_TEMPERATURE_ROUTER36
;DIN PT100 Marsrutizatorius.c,136 :: 		OUTPUT_CLOCK = 1;
0x00B3	0x1505      	BSF        PORTA, 2
;DIN PT100 Marsrutizatorius.c,137 :: 		}
L_TEMPERATURE_ROUTER36:
;DIN PT100 Marsrutizatorius.c,138 :: 		if(TEMPERATURE_TIMER==TEMPERATURE_CLOCK_END){
0x00B4	0x080E      	MOVF       _TEMPERATURE_TIMER+1, 0
0x00B5	0x3A02      	XORLW      2
0x00B6	0x1D03      	BTFSS      STATUS, 2
0x00B7	0x28BA      	GOTO       L__TEMPERATURE_ROUTER51
0x00B8	0x3058      	MOVLW      88
0x00B9	0x060D      	XORWF      _TEMPERATURE_TIMER, 0
L__TEMPERATURE_ROUTER51:
0x00BA	0x1D03      	BTFSS      STATUS, 2
0x00BB	0x28BD      	GOTO       L_TEMPERATURE_ROUTER37
;DIN PT100 Marsrutizatorius.c,139 :: 		OUTPUT_CLOCK = 0;
0x00BC	0x1105      	BCF        PORTA, 2
;DIN PT100 Marsrutizatorius.c,140 :: 		}
L_TEMPERATURE_ROUTER37:
;DIN PT100 Marsrutizatorius.c,141 :: 		}
L_TEMPERATURE_ROUTER35:
;DIN PT100 Marsrutizatorius.c,144 :: 		TEMPERATURE_TIMER++;
0x00BD	0x0A8D      	INCF       _TEMPERATURE_TIMER, 1
0x00BE	0x1903      	BTFSC      STATUS, 2
0x00BF	0x0A8E      	INCF       _TEMPERATURE_TIMER+1, 1
;DIN PT100 Marsrutizatorius.c,145 :: 		if(TEMPERATURE_TIMER>=TEMPERATURE_CYCLE_TIME){
0x00C0	0x3080      	MOVLW      128
0x00C1	0x060E      	XORWF      _TEMPERATURE_TIMER+1, 0
0x00C2	0x00C0      	MOVWF      R0
0x00C3	0x3080      	MOVLW      128
0x00C4	0x3A13      	XORLW      19
0x00C5	0x0240      	SUBWF      R0, 0
0x00C6	0x1D03      	BTFSS      STATUS, 2
0x00C7	0x28CA      	GOTO       L__TEMPERATURE_ROUTER52
0x00C8	0x3088      	MOVLW      136
0x00C9	0x020D      	SUBWF      _TEMPERATURE_TIMER, 0
L__TEMPERATURE_ROUTER52:
0x00CA	0x1C03      	BTFSS      STATUS, 0
0x00CB	0x28DE      	GOTO       L_TEMPERATURE_ROUTER38
;DIN PT100 Marsrutizatorius.c,146 :: 		TEMPERATURE_TIMER = 0;
0x00CC	0x018D      	CLRF       _TEMPERATURE_TIMER
0x00CD	0x018E      	CLRF       _TEMPERATURE_TIMER+1
;DIN PT100 Marsrutizatorius.c,147 :: 		TEMPERATURE_POSITION++;
0x00CE	0x0A8F      	INCF       _TEMPERATURE_POSITION, 1
;DIN PT100 Marsrutizatorius.c,148 :: 		if(BEAM_SELECTION==0){
0x00CF	0x080C      	MOVF       _BEAM_SELECTION, 0
0x00D0	0x3A00      	XORLW      0
0x00D1	0x1D03      	BTFSS      STATUS, 2
0x00D2	0x28D9      	GOTO       L_TEMPERATURE_ROUTER39
;DIN PT100 Marsrutizatorius.c,149 :: 		if(TEMPERATURE_POSITION>12-1){
0x00D3	0x080F      	MOVF       _TEMPERATURE_POSITION, 0
0x00D4	0x3C0B      	SUBLW      11
0x00D5	0x1803      	BTFSC      STATUS, 0
0x00D6	0x28D8      	GOTO       L_TEMPERATURE_ROUTER40
;DIN PT100 Marsrutizatorius.c,150 :: 		TEMPERATURE_POSITION = 0;
0x00D7	0x018F      	CLRF       _TEMPERATURE_POSITION
;DIN PT100 Marsrutizatorius.c,151 :: 		}
L_TEMPERATURE_ROUTER40:
;DIN PT100 Marsrutizatorius.c,152 :: 		}
0x00D8	0x28DE      	GOTO       L_TEMPERATURE_ROUTER41
L_TEMPERATURE_ROUTER39:
;DIN PT100 Marsrutizatorius.c,154 :: 		if(TEMPERATURE_POSITION>6-1){
0x00D9	0x080F      	MOVF       _TEMPERATURE_POSITION, 0
0x00DA	0x3C05      	SUBLW      5
0x00DB	0x1803      	BTFSC      STATUS, 0
0x00DC	0x28DE      	GOTO       L_TEMPERATURE_ROUTER42
;DIN PT100 Marsrutizatorius.c,155 :: 		TEMPERATURE_POSITION = 0;
0x00DD	0x018F      	CLRF       _TEMPERATURE_POSITION
;DIN PT100 Marsrutizatorius.c,156 :: 		}
L_TEMPERATURE_ROUTER42:
;DIN PT100 Marsrutizatorius.c,157 :: 		}
L_TEMPERATURE_ROUTER41:
;DIN PT100 Marsrutizatorius.c,158 :: 		}
L_TEMPERATURE_ROUTER38:
;DIN PT100 Marsrutizatorius.c,161 :: 		}
L_end_TEMPERATURE_ROUTER:
0x00DE	0x0008      	RETURN
; end of _TEMPERATURE_ROUTER
___CC2DW:
;__Lib_System.c,134 :: 		
;__Lib_System.c,137 :: 		
_CC2D_Loop1:
;__Lib_System.c,139 :: 		
0x00DF	0x2003      	CALL       _____DoICP
0x00E0	0x118A      	BCF        PCLATH, 3
0x00E1	0x120A      	BCF        PCLATH, 4
;__Lib_System.c,141 :: 		
0x00E2	0x0080      	MOVWF      INDF
;__Lib_System.c,142 :: 		
0x00E3	0x0A84      	INCF       FSR, 1
;__Lib_System.c,143 :: 		
0x00E4	0x0A90      	INCF       ___DoICPAddr, 1
;__Lib_System.c,145 :: 		
0x00E5	0x1903      	BTFSC      STATUS, 2
;__Lib_System.c,146 :: 		
0x00E6	0x0A91      	INCF       ___DoICPAddr+1, 1
;__Lib_System.c,147 :: 		
0x00E7	0x03C0      	DECF       R0, 1
;__Lib_System.c,149 :: 		
0x00E8	0x1D03      	BTFSS      STATUS, 2
;__Lib_System.c,150 :: 		
0x00E9	0x28DF      	GOTO       _CC2D_Loop1
;__Lib_System.c,152 :: 		
L_end___CC2DW:
0x00EA	0x0008      	RETURN
; end of ___CC2DW
_main:
;DIN PT100 Marsrutizatorius.c,39 :: 		void main(){
;DIN PT100 Marsrutizatorius.c,40 :: 		TRISA = 0b00000000;
0x00EB	0x1683      	BSF        STATUS, 5
0x00EC	0x0185      	CLRF       TRISA
;DIN PT100 Marsrutizatorius.c,41 :: 		TRISB = 0b00001000;
0x00ED	0x3008      	MOVLW      8
0x00EE	0x0086      	MOVWF      TRISB
;DIN PT100 Marsrutizatorius.c,43 :: 		PORTA = 0;
0x00EF	0x1283      	BCF        STATUS, 5
0x00F0	0x0185      	CLRF       PORTA
;DIN PT100 Marsrutizatorius.c,44 :: 		PORTB = 0;
0x00F1	0x0186      	CLRF       PORTB
;DIN PT100 Marsrutizatorius.c,45 :: 		TEMPERATURE_ROUTER_INIT();
0x00F2	0x2009      	CALL       _TEMPERATURE_ROUTER_INIT
;DIN PT100 Marsrutizatorius.c,46 :: 		while(1){
L_main0:
;DIN PT100 Marsrutizatorius.c,47 :: 		TEMPERATURE_ROUTER();
0x00F3	0x2012      	CALL       _TEMPERATURE_ROUTER
;DIN PT100 Marsrutizatorius.c,48 :: 		delay_ms(1);
0x00F4	0x3003      	MOVLW      3
0x00F5	0x00CC      	MOVWF      R12
0x00F6	0x3097      	MOVLW      151
0x00F7	0x00CD      	MOVWF      R13
L_main2:
0x00F8	0x0BCD      	DECFSZ     R13, 1
0x00F9	0x28F8      	GOTO       L_main2
0x00FA	0x0BCC      	DECFSZ     R12, 1
0x00FB	0x28F8      	GOTO       L_main2
0x00FC	0x0000      	NOP
0x00FD	0x0000      	NOP
;DIN PT100 Marsrutizatorius.c,49 :: 		}
0x00FE	0x28F3      	GOTO       L_main0
;DIN PT100 Marsrutizatorius.c,50 :: 		}
L_end_main:
0x00FF	0x28FF      	GOTO       $+0
; end of _main
Symbol List:
//** Routines locations **
//ADDRESS    SIZE    PROCEDURE
//----------------------------------------------
0x0003       [6]    _____DoICP
0x0009       [9]    _TEMPERATURE_ROUTER_INIT
0x0012     [205]    _TEMPERATURE_ROUTER
0x00DF      [12]    ___CC2DW
0x00EB      [21]    _main
//** Variables locations ** 
//ADDRESS    SIZE    VARIABLE
//----------------------------------------------
0x0000       [1]    INDF
0x0002       [1]    PCL
0x0003       [1]    STATUS
0x0004       [1]    FSR
0x0005       [1]    PORTA
0x0006       [1]    PORTB
0x000A       [1]    PCLATH
0x000C       [1]    _BEAM_SELECTION
0x000D       [2]    _TEMPERATURE_TIMER
0x000F       [1]    _TEMPERATURE_POSITION
0x0010       [2]    ___DoICPAddr
0x0040       [1]    R0
0x0041       [1]    R1
0x0042       [1]    R2
0x0043       [1]    R3
0x0044       [1]    R4
0x0045       [1]    R5
0x0046       [1]    R6
0x0047       [1]    R7
0x0048       [1]    R8
0x0049       [1]    R9
0x004A       [1]    R10
0x004B       [1]    R11
0x004C       [1]    R12
0x004D       [1]    R13
0x004E       [1]    R14
0x004F       [1]    R15
0x0085       [1]    TRISA
0x0086       [1]    TRISB
//** Label List: ** 
//----------------------------------------------
  L_main0
  L_main1
  L_main2
  L_TEMPERATURE_ROUTER3
  L_TEMPERATURE_ROUTER4
  L_TEMPERATURE_ROUTER5
  L_TEMPERATURE_ROUTER6
  L_TEMPERATURE_ROUTER7
  L_TEMPERATURE_ROUTER8
  L_TEMPERATURE_ROUTER9
  L_TEMPERATURE_ROUTER10
  L_TEMPERATURE_ROUTER11
  L_TEMPERATURE_ROUTER12
  L_TEMPERATURE_ROUTER13
  L_TEMPERATURE_ROUTER14
  L_TEMPERATURE_ROUTER15
  L_TEMPERATURE_ROUTER16
  L_TEMPERATURE_ROUTER17
  L_TEMPERATURE_ROUTER18
  L_TEMPERATURE_ROUTER19
  L_TEMPERATURE_ROUTER20
  L_TEMPERATURE_ROUTER21
  L_TEMPERATURE_ROUTER22
  L_TEMPERATURE_ROUTER23
  L_TEMPERATURE_ROUTER24
  L_TEMPERATURE_ROUTER25
  L_TEMPERATURE_ROUTER26
  L_TEMPERATURE_ROUTER27
  L_TEMPERATURE_ROUTER28
  L_TEMPERATURE_ROUTER29
  L_TEMPERATURE_ROUTER30
  L_TEMPERATURE_ROUTER31
  L_TEMPERATURE_ROUTER32
  L_TEMPERATURE_ROUTER33
  L_TEMPERATURE_ROUTER34
  L_TEMPERATURE_ROUTER35
  L_TEMPERATURE_ROUTER36
  L_TEMPERATURE_ROUTER37
  L_TEMPERATURE_ROUTER38
  L_TEMPERATURE_ROUTER39
  L_TEMPERATURE_ROUTER40
  L_TEMPERATURE_ROUTER41
  L_TEMPERATURE_ROUTER42
  L_end_main
  _main
  L_end_TEMPERATURE_ROUTER_INIT
  _TEMPERATURE_ROUTER_INIT
  L_end_TEMPERATURE_ROUTER
  _TEMPERATURE_ROUTER
  L__TEMPERATURE_ROUTER46
  L__TEMPERATURE_ROUTER47
  L__TEMPERATURE_ROUTER48
  L__TEMPERATURE_ROUTER49
  L__TEMPERATURE_ROUTER50
  L__TEMPERATURE_ROUTER51
  L__TEMPERATURE_ROUTER52
  L_loopCA2AWs
  L_CA2AWend
  _CCA2AW_Loop1
  L_loopCS2Ss
  L_CS2Send
  _CCS2S_Loop1
  L_CCS2Send
  L_loopFZinSWs
  L_FZinSend
  _CC2D_Loop1
  L_end_____DoICP
  _____DoICP
  L_end_____DoIFC
  _____DoIFC
  L_end___CA2AW
  ___CA2AW
  L_end___CCA2AW
  ___CCA2AW
  L_end___CS2S
  ___CS2S
  L_end___CCS2S
  ___CCS2S
  L_end___FZinS
  ___FZinS
  L_end___CC2DW
  ___CC2DW
  L_end_Swap
  _Swap
