;  ASM code generated by mikroVirtualMachine for PIC - V. 8.2.0.0
;  Date/Time: 12/24/2010 12:13:32 PM
;  Info: http://www.mikroe.com


; ADDRESS	OPCODE	ASM
; ----------------------------------------------
$0000	$2865			GOTO	_main
$0004	$	_VentPrograma:
;VENTILIACIJA.c,43 :: 		void VentPrograma(){
;VENTILIACIJA.c,44 :: 		if(PORTB.F1==1){
$0004	$3000			MOVLW	0
$0005	$1303			BCF	STATUS, RP1
$0006	$1283			BCF	STATUS, RP0
$0007	$1886			BTFSC	PORTB, 1
$0008	$3001			MOVLW	1
$0009	$00C4			MOVWF	STACK_4
$000A	$0844			MOVF	STACK_4, 0
$000B	$3A01			XORLW	1
$000C	$1D03			BTFSS	STATUS, Z
$000D	$2838			GOTO	L_VentPrograma_2
;VENTILIACIJA.c,45 :: 		if(Timer2>=Timer2_End){
$000E	$080D			MOVF	_Timer2_End, 0
$000F	$020C			SUBWF	_Timer2, 0
$0010	$1C03			BTFSS	STATUS, C
$0011	$2836			GOTO	L_VentPrograma_3
;VENTILIACIJA.c,46 :: 		if(INPUT_FILTER==0){
$0012	$080E			MOVF	_INPUT_FILTER, 0
$0013	$3A00			XORLW	0
$0014	$1D03			BTFSS	STATUS, Z
$0015	$2835			GOTO	L_VentPrograma_4
;VENTILIACIJA.c,47 :: 		INPUT_FILTER = 1;
$0016	$3001			MOVLW	1
$0017	$008E			MOVWF	_INPUT_FILTER
;VENTILIACIJA.c,48 :: 		if(Timer1>=Timer1_End){
$0018	$0816			MOVF	_Timer1_End+3, 0
$0019	$0212			SUBWF	_Timer1+3, 0
$001A	$1D03			BTFSS	STATUS, Z
$001B	$2826			GOTO	L_VentPrograma_14
$001C	$0815			MOVF	_Timer1_End+2, 0
$001D	$0211			SUBWF	_Timer1+2, 0
$001E	$1D03			BTFSS	STATUS, Z
$001F	$2826			GOTO	L_VentPrograma_14
$0020	$0814			MOVF	_Timer1_End+1, 0
$0021	$0210			SUBWF	_Timer1+1, 0
$0022	$1D03			BTFSS	STATUS, Z
$0023	$2826			GOTO	L_VentPrograma_14
$0024	$0813			MOVF	_Timer1_End, 0
$0025	$020F			SUBWF	_Timer1, 0
$0026	$	L_VentPrograma_14:
$0026	$1C03			BTFSS	STATUS, C
$0027	$282D			GOTO	L_VentPrograma_5
;VENTILIACIJA.c,49 :: 		Timer1 = 0;
$0028	$018F			CLRF	_Timer1
$0029	$0190			CLRF	_Timer1+1
$002A	$0191			CLRF	_Timer1+2
$002B	$0192			CLRF	_Timer1+3
;VENTILIACIJA.c,50 :: 		}
$002C	$2835			GOTO	L_VentPrograma_6
$002D	$	L_VentPrograma_5:
;VENTILIACIJA.c,52 :: 		Timer1 = Timer1_End;
$002D	$0813			MOVF	_Timer1_End, 0
$002E	$008F			MOVWF	_Timer1
$002F	$0814			MOVF	_Timer1_End+1, 0
$0030	$0090			MOVWF	_Timer1+1
$0031	$0815			MOVF	_Timer1_End+2, 0
$0032	$0091			MOVWF	_Timer1+2
$0033	$0816			MOVF	_Timer1_End+3, 0
$0034	$0092			MOVWF	_Timer1+3
;VENTILIACIJA.c,53 :: 		}
$0035	$	L_VentPrograma_6:
;VENTILIACIJA.c,54 :: 		}
$0035	$	L_VentPrograma_4:
;VENTILIACIJA.c,55 :: 		}
$0035	$2837			GOTO	L_VentPrograma_7
$0036	$	L_VentPrograma_3:
;VENTILIACIJA.c,57 :: 		Timer2 = Timer2 + 1;
$0036	$0A8C			INCF	_Timer2, 1
;VENTILIACIJA.c,58 :: 		}
$0037	$	L_VentPrograma_7:
;VENTILIACIJA.c,59 :: 		}
$0037	$283A			GOTO	L_VentPrograma_8
$0038	$	L_VentPrograma_2:
;VENTILIACIJA.c,61 :: 		INPUT_FILTER = 0;
$0038	$018E			CLRF	_INPUT_FILTER, 1
;VENTILIACIJA.c,62 :: 		Timer2 = 0;
$0039	$018C			CLRF	_Timer2, 1
;VENTILIACIJA.c,63 :: 		}
$003A	$	L_VentPrograma_8:
;VENTILIACIJA.c,66 :: 		if(Timer1<Timer1_End){
$003A	$0816			MOVF	_Timer1_End+3, 0
$003B	$0212			SUBWF	_Timer1+3, 0
$003C	$1D03			BTFSS	STATUS, Z
$003D	$2848			GOTO	L_VentPrograma_15
$003E	$0815			MOVF	_Timer1_End+2, 0
$003F	$0211			SUBWF	_Timer1+2, 0
$0040	$1D03			BTFSS	STATUS, Z
$0041	$2848			GOTO	L_VentPrograma_15
$0042	$0814			MOVF	_Timer1_End+1, 0
$0043	$0210			SUBWF	_Timer1+1, 0
$0044	$1D03			BTFSS	STATUS, Z
$0045	$2848			GOTO	L_VentPrograma_15
$0046	$0813			MOVF	_Timer1_End, 0
$0047	$020F			SUBWF	_Timer1, 0
$0048	$	L_VentPrograma_15:
$0048	$1803			BTFSC	STATUS, C
$0049	$2863			GOTO	L_VentPrograma_9
;VENTILIACIJA.c,67 :: 		Timer1 = Timer1 + 1;
$004A	$080F			MOVF	_Timer1, 0
$004B	$00C0			MOVWF	STACK_0
$004C	$0810			MOVF	_Timer1+1, 0
$004D	$00C1			MOVWF	STACK_0+1
$004E	$0811			MOVF	_Timer1+2, 0
$004F	$00C2			MOVWF	STACK_0+2
$0050	$0812			MOVF	_Timer1+3, 0
$0051	$00C3			MOVWF	STACK_0+3
$0052	$0AC0			INCF	STACK_0, 1
$0053	$1903			BTFSC	STATUS, Z
$0054	$0AC1			INCF	STACK_0+1, 1
$0055	$1903			BTFSC	STATUS, Z
$0056	$0AC2			INCF	STACK_0+2, 1
$0057	$1903			BTFSC	STATUS, Z
$0058	$0AC3			INCF	STACK_0+3, 1
$0059	$0840			MOVF	STACK_0, 0
$005A	$008F			MOVWF	_Timer1
$005B	$0841			MOVF	STACK_0+1, 0
$005C	$0090			MOVWF	_Timer1+1
$005D	$0842			MOVF	STACK_0+2, 0
$005E	$0091			MOVWF	_Timer1+2
$005F	$0843			MOVF	STACK_0+3, 0
$0060	$0092			MOVWF	_Timer1+3
;VENTILIACIJA.c,68 :: 		PORTB.F2 = 1;
$0061	$1506			BSF	PORTB, 2
;VENTILIACIJA.c,69 :: 		}
$0062	$2864			GOTO	L_VentPrograma_10
$0063	$	L_VentPrograma_9:
;VENTILIACIJA.c,71 :: 		PORTB.F2 = 0;
$0063	$1106			BCF	PORTB, 2
;VENTILIACIJA.c,72 :: 		}
$0064	$	L_VentPrograma_10:
;VENTILIACIJA.c,73 :: 		}
$0064	$0008			RETURN
$0097	$	_KasSecDiodasOn:
;VENTILIACIJA.c,76 :: 		void KasSecDiodasOn(){
;VENTILIACIJA.c,77 :: 		if(Timer3==200){
$0097	$1303			BCF	STATUS, RP1
$0098	$1283			BCF	STATUS, RP0
$0099	$0817			MOVF	_Timer3, 0
$009A	$3AC8			XORLW	200
$009B	$1D03			BTFSS	STATUS, Z
$009C	$289E			GOTO	L_KasSecDiodasOn_11
;VENTILIACIJA.c,78 :: 		Timer3 = 0;
$009D	$0197			CLRF	_Timer3, 1
;VENTILIACIJA.c,79 :: 		}
$009E	$	L_KasSecDiodasOn_11:
;VENTILIACIJA.c,80 :: 		Timer3++;
$009E	$0A97			INCF	_Timer3, 1
;VENTILIACIJA.c,82 :: 		if(Timer3<100){
$009F	$3064			MOVLW	100
$00A0	$0217			SUBWF	_Timer3, 0
$00A1	$1803			BTFSC	STATUS, C
$00A2	$28A4			GOTO	L_KasSecDiodasOn_12
;VENTILIACIJA.c,83 :: 		PORTB.F4 = 0;
$00A3	$1206			BCF	PORTB, 4
;VENTILIACIJA.c,84 :: 		}
$00A4	$	L_KasSecDiodasOn_12:
;VENTILIACIJA.c,86 :: 		if(Timer3>=100){
$00A4	$3064			MOVLW	100
$00A5	$0217			SUBWF	_Timer3, 0
$00A6	$1C03			BTFSS	STATUS, C
$00A7	$28A9			GOTO	L_KasSecDiodasOn_13
;VENTILIACIJA.c,87 :: 		PORTB.F4 = 1;
$00A8	$1606			BSF	PORTB, 4
;VENTILIACIJA.c,88 :: 		}
$00A9	$	L_KasSecDiodasOn_13:
;VENTILIACIJA.c,89 :: 		}
$00A9	$0008			RETURN
$0065	$	_main:
;VENTILIACIJA.c,11 :: 		void main(){
;VENTILIACIJA.c,12 :: 		TRISA = 0b0;
$0065	$1303			BCF	STATUS, RP1
$0066	$1683			BSF	STATUS, RP0
$0067	$0185			CLRF	TRISA, 1
;VENTILIACIJA.c,13 :: 		TRISB = 0b10;
$0068	$3002			MOVLW	2
$0069	$0086			MOVWF	TRISB
;VENTILIACIJA.c,14 :: 		PORTA = 0;
$006A	$1283			BCF	STATUS, RP0
$006B	$0185			CLRF	PORTA, 1
;VENTILIACIJA.c,15 :: 		PORTB = 0;
$006C	$0186			CLRF	PORTB, 1
;VENTILIACIJA.c,18 :: 		Timer1_End = 60; // Ventiliacijos laikas minutemis (x * 1min)
$006D	$303C			MOVLW	60
$006E	$0093			MOVWF	_Timer1_End
$006F	$0194			CLRF	_Timer1_End+1
$0070	$0195			CLRF	_Timer1_End+2
$0071	$0196			CLRF	_Timer1_End+3
;VENTILIACIJA.c,19 :: 		Timer2_End = 10; // Ventiliacijos paleidimo/isjungimo uzlaikymas (x * 10ms)
$0072	$300A			MOVLW	10
$0073	$008D			MOVWF	_Timer2_End
;VENTILIACIJA.c,32 :: 		Timer1_End = Timer1_End * 60 * 100;
$0074	$3040			MOVLW	64
$0075	$0093			MOVWF	_Timer1_End
$0076	$307E			MOVLW	126
$0077	$0094			MOVWF	_Timer1_End+1
$0078	$3005			MOVLW	5
$0079	$0095			MOVWF	_Timer1_End+2
$007A	$3000			MOVLW	0
$007B	$0096			MOVWF	_Timer1_End+3
;VENTILIACIJA.c,33 :: 		Timer1 = Timer1_End;
$007C	$3040			MOVLW	64
$007D	$008F			MOVWF	_Timer1
$007E	$307E			MOVLW	126
$007F	$0090			MOVWF	_Timer1+1
$0080	$3005			MOVLW	5
$0081	$0091			MOVWF	_Timer1+2
$0082	$3000			MOVLW	0
$0083	$0092			MOVWF	_Timer1+3
;VENTILIACIJA.c,34 :: 		while(1){
$0084	$	L_main_0:
;VENTILIACIJA.c,35 :: 		VentPrograma();
$0084	$2004			CALL	_VentPrograma
;VENTILIACIJA.c,36 :: 		KasSecDiodasOn();
$0085	$2097			CALL	_KasSecDiodasOn
;VENTILIACIJA.c,37 :: 		Delay_ms(10);
$0086	$300D			MOVLW	13
$0087	$00CB			MOVWF	STACK_11
$0088	$30FF			MOVLW	255
$0089	$00CA			MOVWF	STACK_10
$008A	$0BCB			DECFSZ	STACK_11, F
$008B	$288D			GOTO	$+2
$008C	$2890			GOTO	$+4
$008D	$0BCA			DECFSZ	STACK_10, F
$008E	$288D			GOTO	$-1
$008F	$288A			GOTO	$-5
$0090	$30F3			MOVLW	243
$0091	$00CA			MOVWF	STACK_10
$0092	$0BCA			DECFSZ	STACK_10, F
$0093	$2892			GOTO	$-1
$0094	$0000			NOP
;VENTILIACIJA.c,38 :: 		}
$0095	$2884			GOTO	L_main_0
;VENTILIACIJA.c,39 :: 		}
$0096	$2896			GOTO	$


//** Procedures locations **
//ADDRESS		PROCEDURE
//----------------------------------------------
$0004		VentPrograma
$0065		main
$0097		KasSecDiodasOn


//** Labels locations **
//ADDRESS		LABEL
//----------------------------------------------
$0004		_VentPrograma:
$0026		L_VentPrograma_14:
$002D		L_VentPrograma_5:
$0035		L_VentPrograma_4:
$0035		L_VentPrograma_6:
$0036		L_VentPrograma_3:
$0037		L_VentPrograma_7:
$0038		L_VentPrograma_2:
$003A		L_VentPrograma_8:
$0048		L_VentPrograma_15:
$0063		L_VentPrograma_9:
$0064		L_VentPrograma_10:
$0065		_main:
$0084		L_main_0:
$0097		_KasSecDiodasOn:
$009E		L_KasSecDiodasOn_11:
$00A4		L_KasSecDiodasOn_12:
$00A9		L_KasSecDiodasOn_13:


//** Variables locations **
//ADDRESS		VARIABLE
//----------------------------------------------
$0000		INDF
$0002		PCL
$0003		STATUS
$0004		FSR
$0005		PORTA
$0006		PORTB
$000A		PCLATH
$000C		_Timer2
$000D		_Timer2_End
$000E		_INPUT_FILTER
$000F		_Timer1
$0013		_Timer1_End
$0017		_Timer3
$0040		STACK_0
$0041		STACK_1
$0042		STACK_2
$0043		STACK_3
$0044		STACK_4
$0045		STACK_5
$0046		STACK_6
$0047		STACK_7
$0048		STACK_8
$0049		STACK_9
$004A		STACK_10
$004B		STACK_11
$004C		STACK_12
$004D		STACK_13
$004E		STACK_14
$004F		STACK_15
$0085		TRISA
$0086		TRISB


